2016-11-05 13:35:45 130332 [Note] Plugin 'FEDERATED' is disabled.
2016-11-05 13:35:45 130332 [Note] InnoDB: The InnoDB memory heap is disabled
2016-11-05 13:35:45 130332 [Note] InnoDB: Mutexes and rw_locks use Windows interlocked functions
2016-11-05 13:35:45 130332 [Note] InnoDB: Compressed tables use zlib 1.2.3
2016-11-05 13:35:45 130332 [Note] InnoDB: Not using CPU crc32 instructions
2016-11-05 13:35:45 130332 [Note] InnoDB: Initializing buffer pool, size = 128.0M
2016-11-05 13:35:45 130332 [Note] InnoDB: Completed initialization of buffer pool
2016-11-05 13:35:45 130332 [Note] InnoDB: Setting log file C:\Users\Rick\Documents\USB Webservice\mysql\data\ib_logfile101 size to 5 MB
2016-11-05 13:35:45 130332 [Note] InnoDB: Setting log file C:\Users\Rick\Documents\USB Webservice\mysql\data\ib_logfile1 size to 5 MB
2016-11-05 13:35:45 130332 [Note] InnoDB: Renaming log file C:\Users\Rick\Documents\USB Webservice\mysql\data\ib_logfile101 to C:\Users\Rick\Documents\USB Webservice\mysql\data\ib_logfile0
2016-11-05 13:35:45 130332 [Warning] InnoDB: New log files created, LSN=1626134
2016-11-05 13:35:45 130332 [Note] InnoDB: Highest supported file format is Barracuda.
2016-11-05 13:35:45 130332 [Note] InnoDB: 128 rollback segment(s) are active.
2016-11-05 13:35:45 130332 [Note] InnoDB: Waiting for purge to start
2016-11-05 13:35:45 130332 [Note] InnoDB: 5.6.13 started; log sequence number 1626636
2016-11-05 13:35:45 130332 [Warning] No existing UUID has been found, so we assume that this is the first time that this server has been started. Generating a new UUID: 5f851b8b-a354-11e6-bbe6-00155d040306.
2016-11-05 13:35:45 130332 [Note] Server hostname (bind-address): '*'; port: 3307
2016-11-05 13:35:45 130332 [Note] IPv6 is available.
2016-11-05 13:35:45 130332 [Note]   - '::' resolves to '::';
2016-11-05 13:35:45 130332 [Note] Server socket created on IP: '::'.
2016-11-05 13:35:45 130332 [Note] Event Scheduler: Loaded 0 events
2016-11-05 13:35:45 130332 [Note] C:\Users\Rick\Documents\USB Webservice/mysql/bin/mysqld_usbwv8.exe: ready for connections.
Version: '5.6.13'  socket: ''  port: 3307  MySQL Community Server (GPL)
